d:\dathoang\bomberman\bombermancocos2d\proj.win32\debug.win32\bombersquad.lib
d:\dathoang\bomberman\bombermancocos2d\proj.win32\debug.win32\bombersquad.exp
d:\dathoang\bomberman\bombermancocos2d\proj.win32\debug.win32\battlescene.obj
d:\dathoang\bomberman\bombermancocos2d\proj.win32\debug.win32\boyon.obj
d:\dathoang\bomberman\bombermancocos2d\proj.win32\debug.win32\currency.obj
d:\dathoang\bomberman\bombermancocos2d\proj.win32\debug.win32\newweapon.obj
d:\dathoang\bomberman\bombermancocos2d\proj.win32\debug.win32\level1.obj
d:\dathoang\bomberman\bombermancocos2d\proj.win32\debug.win32\ballom.obj
d:\dathoang\bomberman\bombermancocos2d\proj.win32\debug.win32\brickpass.obj
d:\dathoang\bomberman\bombermancocos2d\proj.win32\debug.win32\shieldvest.obj
d:\dathoang\bomberman\bombermancocos2d\proj.win32\debug.win32\powerupflame.obj
d:\dathoang\bomberman\bombermancocos2d\proj.win32\debug.win32\mine.obj
d:\dathoang\bomberman\bombermancocos2d\proj.win32\debug.win32\sword.obj
d:\dathoang\bomberman\bombermancocos2d\proj.win32\debug.win32\main.obj
d:\dathoang\bomberman\bombermancocos2d\proj.win32\debug.win32\lowgian.obj
d:\dathoang\bomberman\bombermancocos2d\proj.win32\debug.win32\appdelegate.obj
d:\dathoang\bomberman\bombermancocos2d\proj.win32\debug.win32\definition.obj
d:\dathoang\bomberman\bombermancocos2d\proj.win32\debug.win32\inventory.obj
d:\dathoang\bomberman\bombermancocos2d\proj.win32\debug.win32\powerupbomb.obj
d:\dathoang\bomberman\bombermancocos2d\proj.win32\debug.win32\flames.obj
d:\dathoang\bomberman\bombermancocos2d\proj.win32\debug.win32\layerwidget.obj
d:\dathoang\bomberman\bombermancocos2d\proj.win32\debug.win32\buroru.obj
d:\dathoang\bomberman\bombermancocos2d\proj.win32\debug.win32\extralife.obj
d:\dathoang\bomberman\bombermancocos2d\proj.win32\debug.win32\item.obj
d:\dathoang\bomberman\bombermancocos2d\proj.win32\debug.win32\level.obj
d:\dathoang\bomberman\bombermancocos2d\proj.win32\debug.win32\bake.obj
d:\dathoang\bomberman\bombermancocos2d\proj.win32\debug.win32\gamecontroller.obj
d:\dathoang\bomberman\bombermancocos2d\proj.win32\debug.win32\luckywheel.obj
d:\dathoang\bomberman\bombermancocos2d\proj.win32\debug.win32\port.obj
d:\dathoang\bomberman\bombermancocos2d\proj.win32\debug.win32\bomb.obj
d:\dathoang\bomberman\bombermancocos2d\proj.win32\debug.win32\bomber.obj
d:\dathoang\bomberman\bombermancocos2d\proj.win32\debug.win32\topgian.obj
d:\dathoang\bomberman\bombermancocos2d\proj.win32\debug.win32\helloworldscene.obj
d:\dathoang\bomberman\bombermancocos2d\proj.win32\debug.win32\enemy.obj
d:\dathoang\bomberman\bombermancocos2d\proj.win32\debug.win32\vc143.pdb
d:\dathoang\bomberman\bombermancocos2d\proj.win32\debug.win32\vc143.idb
d:\dathoang\bomberman\bombermancocos2d\proj.win32\bombersquad.cab
d:\dathoang\bomberman\bombermancocos2d\proj.win32\debug.win32\bombersquad.exe
d:\dathoang\bomberman\bombermancocos2d\proj.win32\debug.win32\bombersquad.ilk
d:\dathoang\bomberman\bombermancocos2d\proj.win32\debug.win32\bombersquad.pdb
d:\dathoang\bomberman\bombermancocos2d\proj.win32\debug.win32\game.res
d:\dathoang\bomberman\bombermancocos2d\proj.win32\debug.win32\libcocos2d.exp
d:\dathoang\bomberman\bombermancocos2d\proj.win32\debug.win32\libspine.idb
d:\dathoang\bomberman\bombermancocos2d\proj.win32\debug.win32\libcocos2d.pdb
d:\dathoang\bomberman\bombermancocos2d\proj.win32\debug.win32\librecast.pdb
d:\dathoang\bomberman\bombermancocos2d\proj.win32\debug.win32\libspine.pdb
d:\dathoang\bomberman\bombermancocos2d\proj.win32\debug.win32\bombersquad.tlog\bombersquad.write.1u.tlog
d:\dathoang\bomberman\bombermancocos2d\proj.win32\debug.win32\bombersquad.tlog\cl.command.1.tlog
d:\dathoang\bomberman\bombermancocos2d\proj.win32\debug.win32\bombersquad.tlog\cl.read.1.tlog
d:\dathoang\bomberman\bombermancocos2d\proj.win32\debug.win32\bombersquad.tlog\cl.write.1.tlog
d:\dathoang\bomberman\bombermancocos2d\proj.win32\debug.win32\bombersquad.tlog\custombuildstep.read.1u.tlog
d:\dathoang\bomberman\bombermancocos2d\proj.win32\debug.win32\bombersquad.tlog\custombuildstep.write.1u.tlog
d:\dathoang\bomberman\bombermancocos2d\proj.win32\debug.win32\bombersquad.tlog\link.command.1.tlog
d:\dathoang\bomberman\bombermancocos2d\proj.win32\debug.win32\bombersquad.tlog\link.read.1.tlog
d:\dathoang\bomberman\bombermancocos2d\proj.win32\debug.win32\bombersquad.tlog\link.write.1.tlog
d:\dathoang\bomberman\bombermancocos2d\proj.win32\debug.win32\bombersquad.tlog\rc.command.1.tlog
d:\dathoang\bomberman\bombermancocos2d\proj.win32\debug.win32\bombersquad.tlog\rc.read.1.tlog
d:\dathoang\bomberman\bombermancocos2d\proj.win32\debug.win32\bombersquad.tlog\rc.write.1.tlog
